[0.075s] Invoking command in '/home/michiel/dev_ws/build/simulation': CMAKE_PREFIX_PATH=${CMAKE_PREFIX_PATH}:/opt/ros/humble /usr/bin/cmake /home/michiel/dev_ws/src/simulation -DAMENT_CMAKE_SYMLINK_INSTALL=1 -DCMAKE_INSTALL_PREFIX=/home/michiel/dev_ws/install/simulation
[0.083s] -- Found ament_cmake: 1.3.6 (/opt/ros/humble/share/ament_cmake/cmake)
[0.196s] -- Override CMake install command with custom implementation using symlinks instead of copying resources
[0.203s] -- Found ament_lint_auto: 0.12.9 (/opt/ros/humble/share/ament_lint_auto/cmake)
[0.269s] -- Added test 'flake8' to check Python code syntax and style conventions
[0.269s] -- Added test 'lint_cmake' to check CMake code style
[0.270s] -- Added test 'pep257' to check Python code against some of the docstring style conventions in PEP 257
[0.271s] -- Added test 'xmllint' to check XML markup files
[0.272s] -- Configuring done
[0.275s] -- Generating done
[0.276s] -- Build files have been written to: /home/michiel/dev_ws/build/simulation
[0.278s] Invoked command in '/home/michiel/dev_ws/build/simulation' returned '0': CMAKE_PREFIX_PATH=${CMAKE_PREFIX_PATH}:/opt/ros/humble /usr/bin/cmake /home/michiel/dev_ws/src/simulation -DAMENT_CMAKE_SYMLINK_INSTALL=1 -DCMAKE_INSTALL_PREFIX=/home/michiel/dev_ws/install/simulation
[0.280s] Invoking command in '/home/michiel/dev_ws/build/simulation': CMAKE_PREFIX_PATH=${CMAKE_PREFIX_PATH}:/opt/ros/humble /usr/bin/cmake --build /home/michiel/dev_ws/build/simulation -- -j8 -l8
[0.307s] Invoked command in '/home/michiel/dev_ws/build/simulation' returned '0': CMAKE_PREFIX_PATH=${CMAKE_PREFIX_PATH}:/opt/ros/humble /usr/bin/cmake --build /home/michiel/dev_ws/build/simulation -- -j8 -l8
[0.328s] Invoking command in '/home/michiel/dev_ws/build/simulation': CMAKE_PREFIX_PATH=${CMAKE_PREFIX_PATH}:/opt/ros/humble /usr/bin/cmake --install /home/michiel/dev_ws/build/simulation
[0.334s] -- Install configuration: ""
[0.335s] -- Execute custom install script
[0.335s] -- Symlinking: /home/michiel/dev_ws/install/simulation/share/simulation/launch/rsp.launch.py
[0.342s] -- Symlinking: /home/michiel/dev_ws/install/simulation/share/ament_index/resource_index/package_run_dependencies/simulation
[0.348s] -- Symlinking: /home/michiel/dev_ws/install/simulation/share/ament_index/resource_index/parent_prefix_path/simulation
[0.354s] -- Symlinking: /home/michiel/dev_ws/install/simulation/share/simulation/environment/ament_prefix_path.sh
[0.360s] -- Symlinking: /home/michiel/dev_ws/install/simulation/share/simulation/environment/ament_prefix_path.dsv
[0.366s] -- Symlinking: /home/michiel/dev_ws/install/simulation/share/simulation/environment/path.sh
[0.372s] -- Symlinking: /home/michiel/dev_ws/install/simulation/share/simulation/environment/path.dsv
[0.378s] -- Symlinking: /home/michiel/dev_ws/install/simulation/share/simulation/local_setup.bash
[0.384s] -- Symlinking: /home/michiel/dev_ws/install/simulation/share/simulation/local_setup.sh
[0.390s] -- Symlinking: /home/michiel/dev_ws/install/simulation/share/simulation/local_setup.zsh
[0.397s] -- Symlinking: /home/michiel/dev_ws/install/simulation/share/simulation/local_setup.dsv
[0.403s] -- Symlinking: /home/michiel/dev_ws/install/simulation/share/simulation/package.dsv
[0.409s] -- Symlinking: /home/michiel/dev_ws/install/simulation/share/ament_index/resource_index/packages/simulation
[0.415s] -- Symlinking: /home/michiel/dev_ws/install/simulation/share/simulation/cmake/simulationConfig.cmake
[0.421s] -- Symlinking: /home/michiel/dev_ws/install/simulation/share/simulation/cmake/simulationConfig-version.cmake
[0.427s] -- Symlinking: /home/michiel/dev_ws/install/simulation/share/simulation/package.xml
[0.435s] Invoked command in '/home/michiel/dev_ws/build/simulation' returned '0': CMAKE_PREFIX_PATH=${CMAKE_PREFIX_PATH}:/opt/ros/humble /usr/bin/cmake --install /home/michiel/dev_ws/build/simulation
