[0.083s] Invoking command in '/home/michiel/dev_ws/build/simulation': CMAKE_PREFIX_PATH=${CMAKE_PREFIX_PATH}:/opt/ros/humble /usr/bin/cmake /home/michiel/dev_ws/src/simulation -DAMENT_CMAKE_SYMLINK_INSTALL=1 -DCMAKE_INSTALL_PREFIX=/home/michiel/dev_ws/install/simulation
[0.152s] -- The C compiler identification is GNU 11.4.0
[0.221s] -- The CXX compiler identification is GNU 11.4.0
[0.227s] -- Detecting C compiler ABI info
[0.283s] -- Detecting C compiler ABI info - done
[0.290s] -- Check for working C compiler: /usr/bin/cc - skipped
[0.291s] -- Detecting C compile features
[0.291s] -- Detecting C compile features - done
[0.295s] -- Detecting CXX compiler ABI info
[0.364s] -- Detecting CXX compiler ABI info - done
[0.372s] -- Check for working CXX compiler: /usr/bin/c++ - skipped
[0.372s] -- Detecting CXX compile features
[0.373s] -- Detecting CXX compile features - done
[0.375s] -- Found ament_cmake: 1.3.6 (/opt/ros/humble/share/ament_cmake/cmake)
[0.535s] -- Found Python3: /usr/bin/python3.10 (found version "3.10.12") found components: Interpreter 
[0.593s] -- Override CMake install command with custom implementation using symlinks instead of copying resources
[0.615s] -- Found ament_lint_auto: 0.12.9 (/opt/ros/humble/share/ament_lint_auto/cmake)
[0.685s] -- Added test 'flake8' to check Python code syntax and style conventions
[0.685s] -- Added test 'lint_cmake' to check CMake code style
[0.686s] -- Added test 'pep257' to check Python code against some of the docstring style conventions in PEP 257
[0.687s] -- Added test 'xmllint' to check XML markup files
[0.688s] -- Configuring done
[0.689s] -- Generating done
[0.690s] -- Build files have been written to: /home/michiel/dev_ws/build/simulation
[0.693s] Invoked command in '/home/michiel/dev_ws/build/simulation' returned '0': CMAKE_PREFIX_PATH=${CMAKE_PREFIX_PATH}:/opt/ros/humble /usr/bin/cmake /home/michiel/dev_ws/src/simulation -DAMENT_CMAKE_SYMLINK_INSTALL=1 -DCMAKE_INSTALL_PREFIX=/home/michiel/dev_ws/install/simulation
[0.694s] Invoking command in '/home/michiel/dev_ws/build/simulation': CMAKE_PREFIX_PATH=${CMAKE_PREFIX_PATH}:/opt/ros/humble /usr/bin/cmake --build /home/michiel/dev_ws/build/simulation -- -j8 -l8
[0.716s] Invoked command in '/home/michiel/dev_ws/build/simulation' returned '0': CMAKE_PREFIX_PATH=${CMAKE_PREFIX_PATH}:/opt/ros/humble /usr/bin/cmake --build /home/michiel/dev_ws/build/simulation -- -j8 -l8
[0.735s] Invoking command in '/home/michiel/dev_ws/build/simulation': CMAKE_PREFIX_PATH=${CMAKE_PREFIX_PATH}:/opt/ros/humble /usr/bin/cmake --install /home/michiel/dev_ws/build/simulation
[0.741s] -- Install configuration: ""
[0.741s] -- Execute custom install script
[0.741s] -- Symlinking: /home/michiel/dev_ws/install/simulation/share/simulation/launch/rsp.launch.py
[0.748s] -- Symlinking: /home/michiel/dev_ws/install/simulation/share/simulation/launch/simlaunch.py
[0.754s] -- Symlinking: /home/michiel/dev_ws/install/simulation/share/simulation/description/gazebo_control.xacro
[0.760s] -- Symlinking: /home/michiel/dev_ws/install/simulation/share/simulation/description/inertial_macros.xacro
[0.765s] -- Symlinking: /home/michiel/dev_ws/install/simulation/share/simulation/description/lidar.xacro
[0.771s] -- Symlinking: /home/michiel/dev_ws/install/simulation/share/simulation/description/robot.urdf.xacro
[0.777s] -- Symlinking: /home/michiel/dev_ws/install/simulation/share/simulation/description/robot_core.xacro
[0.782s] -- Symlinking: /home/michiel/dev_ws/install/simulation/share/simulation/description/ros2_control.xacro
[0.788s] -- Symlinking: /home/michiel/dev_ws/install/simulation/share/ament_index/resource_index/package_run_dependencies/simulation
[0.794s] -- Symlinking: /home/michiel/dev_ws/install/simulation/share/ament_index/resource_index/parent_prefix_path/simulation
[0.800s] -- Symlinking: /home/michiel/dev_ws/install/simulation/share/simulation/environment/ament_prefix_path.sh
[0.806s] -- Symlinking: /home/michiel/dev_ws/install/simulation/share/simulation/environment/ament_prefix_path.dsv
[0.812s] -- Symlinking: /home/michiel/dev_ws/install/simulation/share/simulation/environment/path.sh
[0.818s] -- Symlinking: /home/michiel/dev_ws/install/simulation/share/simulation/environment/path.dsv
[0.824s] -- Symlinking: /home/michiel/dev_ws/install/simulation/share/simulation/local_setup.bash
[0.832s] -- Symlinking: /home/michiel/dev_ws/install/simulation/share/simulation/local_setup.sh
[0.839s] -- Symlinking: /home/michiel/dev_ws/install/simulation/share/simulation/local_setup.zsh
[0.845s] -- Symlinking: /home/michiel/dev_ws/install/simulation/share/simulation/local_setup.dsv
[0.851s] -- Symlinking: /home/michiel/dev_ws/install/simulation/share/simulation/package.dsv
[0.857s] -- Symlinking: /home/michiel/dev_ws/install/simulation/share/ament_index/resource_index/packages/simulation
[0.863s] -- Symlinking: /home/michiel/dev_ws/install/simulation/share/simulation/cmake/simulationConfig.cmake
[0.869s] -- Symlinking: /home/michiel/dev_ws/install/simulation/share/simulation/cmake/simulationConfig-version.cmake
[0.875s] -- Symlinking: /home/michiel/dev_ws/install/simulation/share/simulation/package.xml
[0.883s] Invoked command in '/home/michiel/dev_ws/build/simulation' returned '0': CMAKE_PREFIX_PATH=${CMAKE_PREFIX_PATH}:/opt/ros/humble /usr/bin/cmake --install /home/michiel/dev_ws/build/simulation
