[0.080s] Invoking command in '/home/michiel/dev_ws/build/simulation': CMAKE_PREFIX_PATH=${CMAKE_PREFIX_PATH}:/opt/ros/humble /usr/bin/cmake --build /home/michiel/dev_ws/build/simulation -- -j8 -l8
[0.106s] Invoked command in '/home/michiel/dev_ws/build/simulation' returned '0': CMAKE_PREFIX_PATH=${CMAKE_PREFIX_PATH}:/opt/ros/humble /usr/bin/cmake --build /home/michiel/dev_ws/build/simulation -- -j8 -l8
[0.129s] Invoking command in '/home/michiel/dev_ws/build/simulation': CMAKE_PREFIX_PATH=${CMAKE_PREFIX_PATH}:/opt/ros/humble /usr/bin/cmake --install /home/michiel/dev_ws/build/simulation
[0.134s] -- Install configuration: ""
[0.134s] -- Up-to-date: /home/michiel/dev_ws/install/simulation/share/simulation/launch
[0.134s] -- Installing: /home/michiel/dev_ws/install/simulation/share/simulation/launch/rsp.launch.py
[0.134s] -- Up-to-date: /home/michiel/dev_ws/install/simulation/share/ament_index/resource_index/package_run_dependencies/simulation
[0.135s] -- Up-to-date: /home/michiel/dev_ws/install/simulation/share/ament_index/resource_index/parent_prefix_path/simulation
[0.135s] -- Up-to-date: /home/michiel/dev_ws/install/simulation/share/simulation/environment/ament_prefix_path.sh
[0.135s] -- Up-to-date: /home/michiel/dev_ws/install/simulation/share/simulation/environment/ament_prefix_path.dsv
[0.135s] -- Up-to-date: /home/michiel/dev_ws/install/simulation/share/simulation/environment/path.sh
[0.135s] -- Up-to-date: /home/michiel/dev_ws/install/simulation/share/simulation/environment/path.dsv
[0.135s] -- Up-to-date: /home/michiel/dev_ws/install/simulation/share/simulation/local_setup.bash
[0.135s] -- Up-to-date: /home/michiel/dev_ws/install/simulation/share/simulation/local_setup.sh
[0.135s] -- Up-to-date: /home/michiel/dev_ws/install/simulation/share/simulation/local_setup.zsh
[0.135s] -- Up-to-date: /home/michiel/dev_ws/install/simulation/share/simulation/local_setup.dsv
[0.135s] -- Up-to-date: /home/michiel/dev_ws/install/simulation/share/simulation/package.dsv
[0.135s] -- Up-to-date: /home/michiel/dev_ws/install/simulation/share/ament_index/resource_index/packages/simulation
[0.135s] -- Up-to-date: /home/michiel/dev_ws/install/simulation/share/simulation/cmake/simulationConfig.cmake
[0.135s] -- Up-to-date: /home/michiel/dev_ws/install/simulation/share/simulation/cmake/simulationConfig-version.cmake
[0.135s] -- Up-to-date: /home/michiel/dev_ws/install/simulation/share/simulation/package.xml
[0.137s] Invoked command in '/home/michiel/dev_ws/build/simulation' returned '0': CMAKE_PREFIX_PATH=${CMAKE_PREFIX_PATH}:/opt/ros/humble /usr/bin/cmake --install /home/michiel/dev_ws/build/simulation
