[0.097s] Invoking command in '/home/michiel/dev_ws/build/simulation': CMAKE_PREFIX_PATH=${CMAKE_PREFIX_PATH}:/opt/ros/humble /usr/bin/cmake /home/michiel/dev_ws/src/simulation -DCMAKE_INSTALL_PREFIX=/home/michiel/dev_ws/install/simulation
[0.111s] -- Found ament_cmake: 1.3.6 (/opt/ros/humble/share/ament_cmake/cmake)
[0.253s] -- Override CMake install command with custom implementation using symlinks instead of copying resources
[0.268s] -- Found ament_lint_auto: 0.12.9 (/opt/ros/humble/share/ament_lint_auto/cmake)
[0.346s] -- Added test 'flake8' to check Python code syntax and style conventions
[0.346s] -- Added test 'lint_cmake' to check CMake code style
[0.347s] -- Added test 'pep257' to check Python code against some of the docstring style conventions in PEP 257
[0.348s] -- Added test 'xmllint' to check XML markup files
[0.349s] -- Configuring done
[0.354s] -- Generating done
[0.355s] -- Build files have been written to: /home/michiel/dev_ws/build/simulation
[0.358s] Invoked command in '/home/michiel/dev_ws/build/simulation' returned '0': CMAKE_PREFIX_PATH=${CMAKE_PREFIX_PATH}:/opt/ros/humble /usr/bin/cmake /home/michiel/dev_ws/src/simulation -DCMAKE_INSTALL_PREFIX=/home/michiel/dev_ws/install/simulation
[0.359s] Invoking command in '/home/michiel/dev_ws/build/simulation': CMAKE_PREFIX_PATH=${CMAKE_PREFIX_PATH}:/opt/ros/humble /usr/bin/cmake --build /home/michiel/dev_ws/build/simulation -- -j8 -l8
[0.387s] Invoked command in '/home/michiel/dev_ws/build/simulation' returned '0': CMAKE_PREFIX_PATH=${CMAKE_PREFIX_PATH}:/opt/ros/humble /usr/bin/cmake --build /home/michiel/dev_ws/build/simulation -- -j8 -l8
[0.409s] Invoking command in '/home/michiel/dev_ws/build/simulation': CMAKE_PREFIX_PATH=${CMAKE_PREFIX_PATH}:/opt/ros/humble /usr/bin/cmake --install /home/michiel/dev_ws/build/simulation
[0.414s] -- Install configuration: ""
[0.414s] -- Execute custom install script
[0.415s] -- Up-to-date symlink: /home/michiel/dev_ws/install/simulation/share/simulation/launch/rsp.launch.py
[0.415s] -- Up-to-date symlink: /home/michiel/dev_ws/install/simulation/share/simulation/description/inertial_macros.xacro
[0.415s] -- Up-to-date symlink: /home/michiel/dev_ws/install/simulation/share/simulation/description/robot.urdf.xacro
[0.415s] -- Up-to-date symlink: /home/michiel/dev_ws/install/simulation/share/simulation/description/robot_core.xacro
[0.415s] -- Up-to-date symlink: /home/michiel/dev_ws/install/simulation/share/ament_index/resource_index/package_run_dependencies/simulation
[0.416s] -- Up-to-date symlink: /home/michiel/dev_ws/install/simulation/share/ament_index/resource_index/parent_prefix_path/simulation
[0.416s] -- Up-to-date symlink: /home/michiel/dev_ws/install/simulation/share/simulation/environment/ament_prefix_path.sh
[0.416s] -- Up-to-date symlink: /home/michiel/dev_ws/install/simulation/share/simulation/environment/ament_prefix_path.dsv
[0.416s] -- Up-to-date symlink: /home/michiel/dev_ws/install/simulation/share/simulation/environment/path.sh
[0.416s] -- Up-to-date symlink: /home/michiel/dev_ws/install/simulation/share/simulation/environment/path.dsv
[0.416s] -- Up-to-date symlink: /home/michiel/dev_ws/install/simulation/share/simulation/local_setup.bash
[0.416s] -- Up-to-date symlink: /home/michiel/dev_ws/install/simulation/share/simulation/local_setup.sh
[0.416s] -- Up-to-date symlink: /home/michiel/dev_ws/install/simulation/share/simulation/local_setup.zsh
[0.416s] -- Up-to-date symlink: /home/michiel/dev_ws/install/simulation/share/simulation/local_setup.dsv
[0.417s] -- Symlinking: /home/michiel/dev_ws/install/simulation/share/simulation/package.dsv
[0.423s] -- Up-to-date symlink: /home/michiel/dev_ws/install/simulation/share/ament_index/resource_index/packages/simulation
[0.423s] -- Up-to-date symlink: /home/michiel/dev_ws/install/simulation/share/simulation/cmake/simulationConfig.cmake
[0.423s] -- Up-to-date symlink: /home/michiel/dev_ws/install/simulation/share/simulation/cmake/simulationConfig-version.cmake
[0.424s] -- Up-to-date symlink: /home/michiel/dev_ws/install/simulation/share/simulation/package.xml
[0.425s] Invoked command in '/home/michiel/dev_ws/build/simulation' returned '0': CMAKE_PREFIX_PATH=${CMAKE_PREFIX_PATH}:/opt/ros/humble /usr/bin/cmake --install /home/michiel/dev_ws/build/simulation
