[0.080s] Invoking command in '/home/michiel/dev_ws/build/simulation': CMAKE_PREFIX_PATH=/opt/ros/humble /usr/bin/cmake --build /home/michiel/dev_ws/build/simulation -- -j8 -l8
[0.101s] -- Found ament_cmake: 1.3.6 (/opt/ros/humble/share/ament_cmake/cmake)
[0.241s] -- Found ament_lint_auto: 0.12.9 (/opt/ros/humble/share/ament_lint_auto/cmake)
[0.328s] -- Added test 'flake8' to check Python code syntax and style conventions
[0.329s] -- Added test 'lint_cmake' to check CMake code style
[0.330s] -- Added test 'pep257' to check Python code against some of the docstring style conventions in PEP 257
[0.331s] -- Added test 'xmllint' to check XML markup files
[0.332s] -- Configuring done
[0.336s] -- Generating done
[0.338s] -- Build files have been written to: /home/michiel/dev_ws/build/simulation
[0.364s] Invoked command in '/home/michiel/dev_ws/build/simulation' returned '0': CMAKE_PREFIX_PATH=/opt/ros/humble /usr/bin/cmake --build /home/michiel/dev_ws/build/simulation -- -j8 -l8
[0.402s] Invoking command in '/home/michiel/dev_ws/build/simulation': CMAKE_PREFIX_PATH=/opt/ros/humble /usr/bin/cmake --install /home/michiel/dev_ws/build/simulation
[0.411s] -- Install configuration: ""
[0.412s] -- Installing: /home/michiel/dev_ws/install/simulation/share/simulation/launch
[0.412s] -- Installing: /home/michiel/dev_ws/install/simulation/share/simulation/launch/talker.launch.py
[0.412s] -- Installing: /home/michiel/dev_ws/install/simulation/share/simulation/launch/listener.launch.py
[0.412s] -- Installing: /home/michiel/dev_ws/install/simulation/share/ament_index/resource_index/package_run_dependencies/simulation
[0.413s] -- Installing: /home/michiel/dev_ws/install/simulation/share/ament_index/resource_index/parent_prefix_path/simulation
[0.413s] -- Installing: /home/michiel/dev_ws/install/simulation/share/simulation/environment/ament_prefix_path.sh
[0.413s] -- Installing: /home/michiel/dev_ws/install/simulation/share/simulation/environment/ament_prefix_path.dsv
[0.414s] -- Installing: /home/michiel/dev_ws/install/simulation/share/simulation/environment/path.sh
[0.414s] -- Installing: /home/michiel/dev_ws/install/simulation/share/simulation/environment/path.dsv
[0.414s] -- Installing: /home/michiel/dev_ws/install/simulation/share/simulation/local_setup.bash
[0.414s] -- Installing: /home/michiel/dev_ws/install/simulation/share/simulation/local_setup.sh
[0.415s] -- Installing: /home/michiel/dev_ws/install/simulation/share/simulation/local_setup.zsh
[0.415s] -- Installing: /home/michiel/dev_ws/install/simulation/share/simulation/local_setup.dsv
[0.415s] -- Installing: /home/michiel/dev_ws/install/simulation/share/simulation/package.dsv
[0.415s] -- Installing: /home/michiel/dev_ws/install/simulation/share/ament_index/resource_index/packages/simulation
[0.416s] -- Installing: /home/michiel/dev_ws/install/simulation/share/simulation/cmake/simulationConfig.cmake
[0.416s] -- Installing: /home/michiel/dev_ws/install/simulation/share/simulation/cmake/simulationConfig-version.cmake
[0.416s] -- Installing: /home/michiel/dev_ws/install/simulation/share/simulation/package.xml
[0.419s] Invoked command in '/home/michiel/dev_ws/build/simulation' returned '0': CMAKE_PREFIX_PATH=/opt/ros/humble /usr/bin/cmake --install /home/michiel/dev_ws/build/simulation
