[0.105s] Invoking command in '/home/michiel/dev_ws/build/simulation': CMAKE_PREFIX_PATH=/opt/ros/humble /usr/bin/cmake /home/michiel/dev_ws/src/simulation -DAMENT_CMAKE_SYMLINK_INSTALL=1 -DCMAKE_INSTALL_PREFIX=/home/michiel/dev_ws/install/simulation
[0.241s] -- The C compiler identification is GNU 11.4.0
[0.364s] -- The CXX compiler identification is GNU 11.4.0
[0.378s] -- Detecting C compiler ABI info
[0.483s] -- Detecting C compiler ABI info - done
[0.498s] -- Check for working C compiler: /usr/bin/cc - skipped
[0.498s] -- Detecting C compile features
[0.499s] -- Detecting C compile features - done
[0.505s] -- Detecting CXX compiler ABI info
[0.629s] -- Detecting CXX compiler ABI info - done
[0.644s] -- Check for working CXX compiler: /usr/bin/c++ - skipped
[0.644s] -- Detecting CXX compile features
[0.645s] -- Detecting CXX compile features - done
[0.649s] -- Found ament_cmake: 1.3.6 (/opt/ros/humble/share/ament_cmake/cmake)
[0.942s] -- Found Python3: /usr/bin/python3.10 (found version "3.10.12") found components: Interpreter 
[1.050s] -- Override CMake install command with custom implementation using symlinks instead of copying resources
[1.093s] -- Found ament_lint_auto: 0.12.9 (/opt/ros/humble/share/ament_lint_auto/cmake)
[1.241s] -- Added test 'flake8' to check Python code syntax and style conventions
[1.243s] -- Added test 'lint_cmake' to check CMake code style
[1.244s] -- Added test 'pep257' to check Python code against some of the docstring style conventions in PEP 257
[1.246s] -- Added test 'xmllint' to check XML markup files
[1.248s] -- Configuring done
[1.253s] -- Generating done
[1.254s] -- Build files have been written to: /home/michiel/dev_ws/build/simulation
[1.260s] Invoked command in '/home/michiel/dev_ws/build/simulation' returned '0': CMAKE_PREFIX_PATH=/opt/ros/humble /usr/bin/cmake /home/michiel/dev_ws/src/simulation -DAMENT_CMAKE_SYMLINK_INSTALL=1 -DCMAKE_INSTALL_PREFIX=/home/michiel/dev_ws/install/simulation
[1.263s] Invoking command in '/home/michiel/dev_ws/build/simulation': CMAKE_PREFIX_PATH=/opt/ros/humble /usr/bin/cmake --build /home/michiel/dev_ws/build/simulation -- -j8 -l8
[1.318s] Invoked command in '/home/michiel/dev_ws/build/simulation' returned '0': CMAKE_PREFIX_PATH=/opt/ros/humble /usr/bin/cmake --build /home/michiel/dev_ws/build/simulation -- -j8 -l8
[1.363s] Invoking command in '/home/michiel/dev_ws/build/simulation': CMAKE_PREFIX_PATH=/opt/ros/humble /usr/bin/cmake --install /home/michiel/dev_ws/build/simulation
[1.374s] -- Install configuration: ""
[1.375s] -- Execute custom install script
[1.376s] -- Up-to-date symlink: /home/michiel/dev_ws/install/simulation/share/simulation/launch/rsp.launch.py
[1.376s] -- Up-to-date symlink: /home/michiel/dev_ws/install/simulation/share/simulation/launch/simlaunch.py
[1.376s] -- Up-to-date symlink: /home/michiel/dev_ws/install/simulation/share/simulation/description/gazebo_control.xacro
[1.376s] -- Up-to-date symlink: /home/michiel/dev_ws/install/simulation/share/simulation/description/inertial_macros.xacro
[1.377s] -- Up-to-date symlink: /home/michiel/dev_ws/install/simulation/share/simulation/description/lidar.xacro
[1.377s] -- Up-to-date symlink: /home/michiel/dev_ws/install/simulation/share/simulation/description/robot.urdf.xacro
[1.377s] -- Up-to-date symlink: /home/michiel/dev_ws/install/simulation/share/simulation/description/robot_core.xacro
[1.377s] -- Up-to-date symlink: /home/michiel/dev_ws/install/simulation/share/simulation/description/ros2_control.xacro
[1.377s] -- Up-to-date symlink: /home/michiel/dev_ws/install/simulation/share/ament_index/resource_index/package_run_dependencies/simulation
[1.378s] -- Up-to-date symlink: /home/michiel/dev_ws/install/simulation/share/ament_index/resource_index/parent_prefix_path/simulation
[1.378s] -- Up-to-date symlink: /home/michiel/dev_ws/install/simulation/share/simulation/environment/ament_prefix_path.sh
[1.378s] -- Up-to-date symlink: /home/michiel/dev_ws/install/simulation/share/simulation/environment/ament_prefix_path.dsv
[1.378s] -- Up-to-date symlink: /home/michiel/dev_ws/install/simulation/share/simulation/environment/path.sh
[1.378s] -- Up-to-date symlink: /home/michiel/dev_ws/install/simulation/share/simulation/environment/path.dsv
[1.379s] -- Up-to-date symlink: /home/michiel/dev_ws/install/simulation/share/simulation/local_setup.bash
[1.379s] -- Up-to-date symlink: /home/michiel/dev_ws/install/simulation/share/simulation/local_setup.sh
[1.379s] -- Up-to-date symlink: /home/michiel/dev_ws/install/simulation/share/simulation/local_setup.zsh
[1.380s] -- Up-to-date symlink: /home/michiel/dev_ws/install/simulation/share/simulation/local_setup.dsv
[1.380s] -- Symlinking: /home/michiel/dev_ws/install/simulation/share/simulation/package.dsv
[1.393s] -- Up-to-date symlink: /home/michiel/dev_ws/install/simulation/share/ament_index/resource_index/packages/simulation
[1.393s] -- Up-to-date symlink: /home/michiel/dev_ws/install/simulation/share/simulation/cmake/simulationConfig.cmake
[1.394s] -- Up-to-date symlink: /home/michiel/dev_ws/install/simulation/share/simulation/cmake/simulationConfig-version.cmake
[1.394s] -- Up-to-date symlink: /home/michiel/dev_ws/install/simulation/share/simulation/package.xml
[1.396s] Invoked command in '/home/michiel/dev_ws/build/simulation' returned '0': CMAKE_PREFIX_PATH=/opt/ros/humble /usr/bin/cmake --install /home/michiel/dev_ws/build/simulation
