[1.978s] DEBUG:colcon:Command line arguments: ['/usr/bin/colcon', 'build']
[1.978s] DEBUG:colcon:Parsed command line arguments: Namespace(log_base=None, log_level=None, verb_name='build', build_base='build', install_base='install', merge_install=False, symlink_install=False, test_result_base=None, continue_on_error=False, executor='parallel', parallel_workers=8, event_handlers=None, ignore_user_meta=False, metas=['./colcon.meta'], base_paths=['.'], packages_ignore=None, packages_ignore_regex=None, paths=None, packages_up_to=None, packages_up_to_regex=None, packages_above=None, packages_above_and_dependencies=None, packages_above_depth=None, packages_select_by_dep=None, packages_skip_by_dep=None, packages_skip_up_to=None, packages_select_build_failed=False, packages_skip_build_finished=False, packages_select_test_failures=False, packages_skip_test_passed=False, packages_select=None, packages_skip=None, packages_select_regex=None, packages_skip_regex=None, packages_start=None, packages_end=None, allow_overriding=[], cmake_args=None, cmake_target=None, cmake_target_skip_unavailable=False, cmake_clean_cache=False, cmake_clean_first=False, cmake_force_configure=False, ament_cmake_args=None, catkin_cmake_args=None, catkin_skip_building_tests=False, verb_parser=<colcon_defaults.argument_parser.defaults.DefaultArgumentsDecorator object at 0x7f64890edc00>, verb_extension=<colcon_core.verb.build.BuildVerb object at 0x7f64890edf30>, main=<bound method BuildVerb.main of <colcon_core.verb.build.BuildVerb object at 0x7f64890edf30>>)
[2.070s] Level 1:colcon.colcon_core.package_discovery:discover_packages(colcon_meta) check parameters
[2.070s] Level 1:colcon.colcon_core.package_discovery:discover_packages(recursive) check parameters
[2.070s] Level 1:colcon.colcon_core.package_discovery:discover_packages(ignore) check parameters
[2.070s] Level 1:colcon.colcon_core.package_discovery:discover_packages(path) check parameters
[2.070s] Level 1:colcon.colcon_core.package_discovery:discover_packages(colcon_meta) discover
[2.070s] Level 1:colcon.colcon_core.package_discovery:discover_packages(recursive) discover
[2.070s] INFO:colcon.colcon_core.package_discovery:Crawling recursively for packages in '/home/michiel/dev_ws'
[2.070s] Level 1:colcon.colcon_core.package_identification:_identify(.) by extensions ['ignore', 'ignore_ament_install']
[2.071s] Level 1:colcon.colcon_core.package_identification:_identify(.) by extension 'ignore'
[2.071s] Level 1:colcon.colcon_core.package_identification:_identify(.) by extension 'ignore_ament_install'
[2.071s] Level 1:colcon.colcon_core.package_identification:_identify(.) by extensions ['colcon_pkg']
[2.071s] Level 1:colcon.colcon_core.package_identification:_identify(.) by extension 'colcon_pkg'
[2.071s] Level 1:colcon.colcon_core.package_identification:_identify(.) by extensions ['colcon_meta']
[2.071s] Level 1:colcon.colcon_core.package_identification:_identify(.) by extension 'colcon_meta'
[2.071s] Level 1:colcon.colcon_core.package_identification:_identify(.) by extensions ['ros']
[2.071s] Level 1:colcon.colcon_core.package_identification:_identify(.) by extension 'ros'
[2.101s] Level 1:colcon.colcon_core.package_identification:_identify(.) by extensions ['cmake', 'python']
[2.101s] Level 1:colcon.colcon_core.package_identification:_identify(.) by extension 'cmake'
[2.101s] Level 1:colcon.colcon_core.package_identification:_identify(.) by extension 'python'
[2.101s] Level 1:colcon.colcon_core.package_identification:_identify(.) by extensions ['python_setup_py']
[2.101s] Level 1:colcon.colcon_core.package_identification:_identify(.) by extension 'python_setup_py'
[2.101s] Level 1:colcon.colcon_core.package_identification:_identify(build) by extensions ['ignore', 'ignore_ament_install']
[2.101s] Level 1:colcon.colcon_core.package_identification:_identify(build) by extension 'ignore'
[2.102s] Level 1:colcon.colcon_core.package_identification:_identify(build) ignored
[2.102s] Level 1:colcon.colcon_core.package_identification:_identify(install) by extensions ['ignore', 'ignore_ament_install']
[2.102s] Level 1:colcon.colcon_core.package_identification:_identify(install) by extension 'ignore'
[2.102s] Level 1:colcon.colcon_core.package_identification:_identify(install) ignored
[2.102s] Level 1:colcon.colcon_core.package_identification:_identify(log) by extensions ['ignore', 'ignore_ament_install']
[2.102s] Level 1:colcon.colcon_core.package_identification:_identify(log) by extension 'ignore'
[2.102s] Level 1:colcon.colcon_core.package_identification:_identify(log) ignored
[2.103s] Level 1:colcon.colcon_core.package_identification:_identify(src) by extensions ['ignore', 'ignore_ament_install']
[2.103s] Level 1:colcon.colcon_core.package_identification:_identify(src) by extension 'ignore'
[2.103s] Level 1:colcon.colcon_core.package_identification:_identify(src) by extension 'ignore_ament_install'
[2.103s] Level 1:colcon.colcon_core.package_identification:_identify(src) by extensions ['colcon_pkg']
[2.103s] Level 1:colcon.colcon_core.package_identification:_identify(src) by extension 'colcon_pkg'
[2.103s] Level 1:colcon.colcon_core.package_identification:_identify(src) by extensions ['colcon_meta']
[2.103s] Level 1:colcon.colcon_core.package_identification:_identify(src) by extension 'colcon_meta'
[2.103s] Level 1:colcon.colcon_core.package_identification:_identify(src) by extensions ['ros']
[2.103s] Level 1:colcon.colcon_core.package_identification:_identify(src) by extension 'ros'
[2.103s] Level 1:colcon.colcon_core.package_identification:_identify(src) by extensions ['cmake', 'python']
[2.104s] Level 1:colcon.colcon_core.package_identification:_identify(src) by extension 'cmake'
[2.104s] Level 1:colcon.colcon_core.package_identification:_identify(src) by extension 'python'
[2.104s] Level 1:colcon.colcon_core.package_identification:_identify(src) by extensions ['python_setup_py']
[2.104s] Level 1:colcon.colcon_core.package_identification:_identify(src) by extension 'python_setup_py'
[2.104s] Level 1:colcon.colcon_core.package_identification:_identify(src/build) by extensions ['ignore', 'ignore_ament_install']
[2.104s] Level 1:colcon.colcon_core.package_identification:_identify(src/build) by extension 'ignore'
[2.104s] Level 1:colcon.colcon_core.package_identification:_identify(src/build) ignored
[2.104s] Level 1:colcon.colcon_core.package_identification:_identify(src/install) by extensions ['ignore', 'ignore_ament_install']
[2.105s] Level 1:colcon.colcon_core.package_identification:_identify(src/install) by extension 'ignore'
[2.105s] Level 1:colcon.colcon_core.package_identification:_identify(src/install) ignored
[2.105s] Level 1:colcon.colcon_core.package_identification:_identify(src/launch) by extensions ['ignore', 'ignore_ament_install']
[2.105s] Level 1:colcon.colcon_core.package_identification:_identify(src/launch) by extension 'ignore'
[2.105s] Level 1:colcon.colcon_core.package_identification:_identify(src/launch) by extension 'ignore_ament_install'
[2.105s] Level 1:colcon.colcon_core.package_identification:_identify(src/launch) by extensions ['colcon_pkg']
[2.105s] Level 1:colcon.colcon_core.package_identification:_identify(src/launch) by extension 'colcon_pkg'
[2.105s] Level 1:colcon.colcon_core.package_identification:_identify(src/launch) by extensions ['colcon_meta']
[2.105s] Level 1:colcon.colcon_core.package_identification:_identify(src/launch) by extension 'colcon_meta'
[2.105s] Level 1:colcon.colcon_core.package_identification:_identify(src/launch) by extensions ['ros']
[2.106s] Level 1:colcon.colcon_core.package_identification:_identify(src/launch) by extension 'ros'
[2.106s] Level 1:colcon.colcon_core.package_identification:_identify(src/launch) by extensions ['cmake', 'python']
[2.106s] Level 1:colcon.colcon_core.package_identification:_identify(src/launch) by extension 'cmake'
[2.106s] Level 1:colcon.colcon_core.package_identification:_identify(src/launch) by extension 'python'
[2.106s] Level 1:colcon.colcon_core.package_identification:_identify(src/launch) by extensions ['python_setup_py']
[2.106s] Level 1:colcon.colcon_core.package_identification:_identify(src/launch) by extension 'python_setup_py'
[2.106s] Level 1:colcon.colcon_core.package_identification:_identify(src/log) by extensions ['ignore', 'ignore_ament_install']
[2.106s] Level 1:colcon.colcon_core.package_identification:_identify(src/log) by extension 'ignore'
[2.106s] Level 1:colcon.colcon_core.package_identification:_identify(src/log) ignored
[2.107s] Level 1:colcon.colcon_core.package_identification:_identify(src/simulation) by extensions ['ignore', 'ignore_ament_install']
[2.107s] Level 1:colcon.colcon_core.package_identification:_identify(src/simulation) by extension 'ignore'
[2.107s] Level 1:colcon.colcon_core.package_identification:_identify(src/simulation) by extension 'ignore_ament_install'
[2.107s] Level 1:colcon.colcon_core.package_identification:_identify(src/simulation) by extensions ['colcon_pkg']
[2.107s] Level 1:colcon.colcon_core.package_identification:_identify(src/simulation) by extension 'colcon_pkg'
[2.107s] Level 1:colcon.colcon_core.package_identification:_identify(src/simulation) by extensions ['colcon_meta']
[2.107s] Level 1:colcon.colcon_core.package_identification:_identify(src/simulation) by extension 'colcon_meta'
[2.107s] Level 1:colcon.colcon_core.package_identification:_identify(src/simulation) by extensions ['ros']
[2.107s] Level 1:colcon.colcon_core.package_identification:_identify(src/simulation) by extension 'ros'
[2.112s] DEBUG:colcon.colcon_core.package_identification:Package 'src/simulation' with type 'ros.ament_cmake' and name 'simulation'
[2.113s] Level 1:colcon.colcon_core.package_discovery:discover_packages(recursive) using defaults
[2.113s] Level 1:colcon.colcon_core.package_discovery:discover_packages(ignore) discover
[2.113s] Level 1:colcon.colcon_core.package_discovery:discover_packages(ignore) using defaults
[2.113s] Level 1:colcon.colcon_core.package_discovery:discover_packages(path) discover
[2.113s] Level 1:colcon.colcon_core.package_discovery:discover_packages(path) using defaults
[2.294s] Level 1:colcon.colcon_core.package_discovery:discover_packages(prefix_path) check parameters
[2.294s] Level 1:colcon.colcon_core.package_discovery:discover_packages(prefix_path) discover
[2.357s] DEBUG:colcon.colcon_installed_package_information.package_discovery:Found 297 installed packages in /opt/ros/humble
[2.360s] Level 1:colcon.colcon_core.package_discovery:discover_packages(prefix_path) using defaults
[2.562s] Level 5:colcon.colcon_core.verb:set package 'simulation' build argument 'cmake_args' from command line to 'None'
[2.562s] Level 5:colcon.colcon_core.verb:set package 'simulation' build argument 'cmake_target' from command line to 'None'
[2.562s] Level 5:colcon.colcon_core.verb:set package 'simulation' build argument 'cmake_target_skip_unavailable' from command line to 'False'
[2.562s] Level 5:colcon.colcon_core.verb:set package 'simulation' build argument 'cmake_clean_cache' from command line to 'False'
[2.562s] Level 5:colcon.colcon_core.verb:set package 'simulation' build argument 'cmake_clean_first' from command line to 'False'
[2.562s] Level 5:colcon.colcon_core.verb:set package 'simulation' build argument 'cmake_force_configure' from command line to 'False'
[2.562s] Level 5:colcon.colcon_core.verb:set package 'simulation' build argument 'ament_cmake_args' from command line to 'None'
[2.562s] Level 5:colcon.colcon_core.verb:set package 'simulation' build argument 'catkin_cmake_args' from command line to 'None'
[2.562s] Level 5:colcon.colcon_core.verb:set package 'simulation' build argument 'catkin_skip_building_tests' from command line to 'False'
[2.562s] DEBUG:colcon.colcon_core.verb:Building package 'simulation' with the following arguments: {'ament_cmake_args': None, 'build_base': '/home/michiel/dev_ws/build/simulation', 'catkin_cmake_args': None, 'catkin_skip_building_tests': False, 'cmake_args': None, 'cmake_clean_cache': False, 'cmake_clean_first': False, 'cmake_force_configure': False, 'cmake_target': None, 'cmake_target_skip_unavailable': False, 'install_base': '/home/michiel/dev_ws/install/simulation', 'merge_install': False, 'path': '/home/michiel/dev_ws/src/simulation', 'symlink_install': False, 'test_result_base': None}
[2.593s] INFO:colcon.colcon_core.executor:Executing jobs using 'parallel' executor
[2.616s] DEBUG:colcon.colcon_parallel_executor.executor.parallel:run_until_complete
[2.616s] INFO:colcon.colcon_ros.task.ament_cmake.build:Building ROS package in '/home/michiel/dev_ws/src/simulation' with build type 'ament_cmake'
[2.616s] INFO:colcon.colcon_cmake.task.cmake.build:Building CMake package in '/home/michiel/dev_ws/src/simulation'
[2.633s] INFO:colcon.colcon_core.plugin_system:Skipping extension 'colcon_core.shell.bat': Not used on non-Windows systems
[2.633s] INFO:colcon.colcon_core.shell:Skip shell extension 'powershell' for command environment: Not usable outside of PowerShell
[2.633s] DEBUG:colcon.colcon_core.shell:Skip shell extension 'dsv' for command environment
[2.663s] DEBUG:colcon.colcon_core.event_handler.log_command:Invoking command in '/home/michiel/dev_ws/build/simulation': CMAKE_PREFIX_PATH=/opt/ros/humble /usr/bin/cmake /home/michiel/dev_ws/src/simulation -DCMAKE_INSTALL_PREFIX=/home/michiel/dev_ws/install/simulation
[3.457s] DEBUG:colcon.colcon_core.event_handler.log_command:Invoked command in '/home/michiel/dev_ws/build/simulation' returned '0': CMAKE_PREFIX_PATH=/opt/ros/humble /usr/bin/cmake /home/michiel/dev_ws/src/simulation -DCMAKE_INSTALL_PREFIX=/home/michiel/dev_ws/install/simulation
[3.458s] DEBUG:colcon.colcon_core.event_handler.log_command:Invoking command in '/home/michiel/dev_ws/build/simulation': CMAKE_PREFIX_PATH=/opt/ros/humble /usr/bin/cmake --build /home/michiel/dev_ws/build/simulation -- -j8 -l8
[3.481s] DEBUG:colcon.colcon_core.event_handler.log_command:Invoked command in '/home/michiel/dev_ws/build/simulation' returned '0': CMAKE_PREFIX_PATH=/opt/ros/humble /usr/bin/cmake --build /home/michiel/dev_ws/build/simulation -- -j8 -l8
[3.501s] DEBUG:colcon.colcon_core.event_handler.log_command:Invoking command in '/home/michiel/dev_ws/build/simulation': CMAKE_PREFIX_PATH=/opt/ros/humble /usr/bin/cmake --install /home/michiel/dev_ws/build/simulation
[3.509s] DEBUG:colcon.colcon_core.event_handler.log_command:Invoked command in '/home/michiel/dev_ws/build/simulation' returned '1': CMAKE_PREFIX_PATH=/opt/ros/humble /usr/bin/cmake --install /home/michiel/dev_ws/build/simulation
[3.541s] Level 1:colcon.colcon_core.environment:create_environment_scripts_only(simulation)
[3.572s] Level 1:colcon.colcon_core.environment:checking '/home/michiel/dev_ws/install/simulation' for CMake module files
[3.572s] Level 1:colcon.colcon_core.environment:checking '/home/michiel/dev_ws/install/simulation' for CMake config files
[3.573s] Level 1:colcon.colcon_core.environment:checking '/home/michiel/dev_ws/install/simulation/bin'
[3.573s] Level 1:colcon.colcon_core.environment:checking '/home/michiel/dev_ws/install/simulation/lib/pkgconfig/simulation.pc'
[3.574s] Level 1:colcon.colcon_core.environment:checking '/home/michiel/dev_ws/install/simulation/lib/python3.10/site-packages'
[3.574s] Level 1:colcon.colcon_core.environment:checking '/home/michiel/dev_ws/install/simulation/bin'
[3.604s] INFO:colcon.colcon_core.shell:Creating package script '/home/michiel/dev_ws/install/simulation/share/simulation/package.ps1'
[3.605s] INFO:colcon.colcon_core.shell:Creating package descriptor '/home/michiel/dev_ws/install/simulation/share/simulation/package.dsv'
[3.606s] INFO:colcon.colcon_core.shell:Creating package script '/home/michiel/dev_ws/install/simulation/share/simulation/package.sh'
[3.607s] INFO:colcon.colcon_core.shell:Creating package script '/home/michiel/dev_ws/install/simulation/share/simulation/package.bash'
[3.609s] INFO:colcon.colcon_core.shell:Creating package script '/home/michiel/dev_ws/install/simulation/share/simulation/package.zsh'
[3.610s] Level 1:colcon.colcon_core.environment:create_file_with_runtime_dependencies(/home/michiel/dev_ws/install/simulation/share/colcon-core/packages/simulation)
[3.611s] DEBUG:colcon.colcon_parallel_executor.executor.parallel:closing loop
[3.611s] DEBUG:colcon.colcon_parallel_executor.executor.parallel:loop closed
[3.611s] DEBUG:colcon.colcon_parallel_executor.executor.parallel:run_until_complete finished with '1'
[3.611s] DEBUG:colcon.colcon_core.event_reactor:joining thread
[3.649s] INFO:colcon.colcon_core.plugin_system:Skipping extension 'colcon_notification.desktop_notification.terminal_notifier': Not used on non-Darwin systems
[3.650s] INFO:colcon.colcon_core.plugin_system:Skipping extension 'colcon_notification.desktop_notification.win32': Not used on non-Windows systems
[3.650s] INFO:colcon.colcon_notification.desktop_notification:Sending desktop notification using 'notify2'
[3.663s] DEBUG:colcon.colcon_core.event_reactor:joined thread
[3.694s] INFO:colcon.colcon_core.shell:Creating prefix script '/home/michiel/dev_ws/install/local_setup.ps1'
[3.695s] INFO:colcon.colcon_core.shell:Creating prefix util module '/home/michiel/dev_ws/install/_local_setup_util_ps1.py'
[3.698s] INFO:colcon.colcon_core.shell:Creating prefix chain script '/home/michiel/dev_ws/install/setup.ps1'
[3.729s] INFO:colcon.colcon_core.shell:Creating prefix script '/home/michiel/dev_ws/install/local_setup.sh'
[3.730s] INFO:colcon.colcon_core.shell:Creating prefix util module '/home/michiel/dev_ws/install/_local_setup_util_sh.py'
[3.731s] INFO:colcon.colcon_core.shell:Creating prefix chain script '/home/michiel/dev_ws/install/setup.sh'
[3.762s] INFO:colcon.colcon_core.shell:Creating prefix script '/home/michiel/dev_ws/install/local_setup.bash'
[3.763s] INFO:colcon.colcon_core.shell:Creating prefix chain script '/home/michiel/dev_ws/install/setup.bash'
[3.793s] INFO:colcon.colcon_core.shell:Creating prefix script '/home/michiel/dev_ws/install/local_setup.zsh'
[3.794s] INFO:colcon.colcon_core.shell:Creating prefix chain script '/home/michiel/dev_ws/install/setup.zsh'
